<?xml version="1.0" encoding="UTF-8"?>
<testng-results ignored="0" total="1" passed="1" failed="0" skipped="0">
  <reporter-output>
  </reporter-output>
  <suite started-at="2024-11-06T16:31:32 IST" name="Suite" finished-at="2024-11-06T16:31:57 IST" duration-ms="24384">
    <groups>
      <group name="Regression">
        <method signature="LoginPageValidation.errorMessageValidation()[pri:0, instance:Tests.LoginPageValidation@74fe5c40]" name="errorMessageValidation" class="Tests.LoginPageValidation"/>
      </group> <!-- Regression -->
    </groups>
    <test started-at="2024-11-06T16:31:32 IST" name="Test" finished-at="2024-11-06T16:31:57 IST" duration-ms="24384">
      <class name="Tests.LoginPageValidation">
        <test-method signature="errorMessageValidation()[pri:0, instance:Tests.LoginPageValidation@74fe5c40]" started-at="2024-11-06T16:31:33 IST" name="errorMessageValidation" finished-at="2024-11-06T16:31:57 IST" duration-ms="23435" status="PASS">
          <reporter-output>
          </reporter-output>
        </test-method> <!-- errorMessageValidation -->
      </class> <!-- Tests.LoginPageValidation -->
    </test> <!-- Test -->
  </suite> <!-- Suite -->
</testng-results>
